{"C:\\Users\\cadot\\tests-from-scratch-cadot\\packages\\node\\__tests__\\fixtures.ts": {"path":"C:\\Users\\cadot\\tests-from-scratch-cadot\\packages\\node\\__tests__\\fixtures.ts","statementMap":{"0":{"start":{"line":4,"column":13},"end":{"line":4,"column":52}},"1":{"start":{"line":5,"column":13},"end":{"line":5,"column":48}},"2":{"start":{"line":7,"column":13},"end":{"line":7,"column":49}}},"fnMap":{},"branchMap":{},"s":{"0":1,"1":1,"2":1},"f":{},"b":{}}
,"C:\\Users\\cadot\\tests-from-scratch-cadot\\packages\\node\\src\\externalApi.ts": {"path":"C:\\Users\\cadot\\tests-from-scratch-cadot\\packages\\node\\src\\externalApi.ts","statementMap":{"0":{"start":{"line":3,"column":0},"end":{"line":3,"column":7}},"1":{"start":{"line":6,"column":1},"end":{"line":6,"column":45}}},"fnMap":{"0":{"name":"fetchUserData","decl":{"start":{"line":3,"column":22},"end":{"line":3,"column":35}},"loc":{"start":{"line":3,"column":46},"end":{"line":7,"column":1}}}},"branchMap":{},"s":{"0":1,"1":0},"f":{"0":0},"b":{}}
,"C:\\Users\\cadot\\tests-from-scratch-cadot\\packages\\node\\src\\server.ts": {"path":"C:\\Users\\cadot\\tests-from-scratch-cadot\\packages\\node\\src\\server.ts","statementMap":{"0":{"start":{"line":2,"column":0},"end":{"line":2,"column":30}},"1":{"start":{"line":3,"column":0},"end":{"line":3,"column":33}},"2":{"start":{"line":4,"column":13},"end":{"line":4,"column":29}},"3":{"start":{"line":5,"column":0},"end":{"line":5,"column":24}},"4":{"start":{"line":6,"column":0},"end":{"line":6,"column":30}},"5":{"start":{"line":8,"column":0},"end":{"line":13,"column":1}},"6":{"start":{"line":9,"column":14},"end":{"line":9,"column":18}},"7":{"start":{"line":10,"column":1},"end":{"line":12,"column":4}},"8":{"start":{"line":11,"column":1},"end":{"line":11,"column":64}}},"fnMap":{"0":{"name":"(anonymous_1)","decl":{"start":{"line":10,"column":18},"end":{"line":10,"column":21}},"loc":{"start":{"line":10,"column":23},"end":{"line":12,"column":2}}}},"branchMap":{"0":{"loc":{"start":{"line":8,"column":0},"end":{"line":13,"column":1}},"type":"if","locations":[{"start":{"line":8,"column":0},"end":{"line":13,"column":1}}]}},"s":{"0":2,"1":2,"2":2,"3":2,"4":2,"5":2,"6":0,"7":0,"8":0},"f":{"0":0},"b":{"0":[0]}}
,"C:\\Users\\cadot\\tests-from-scratch-cadot\\packages\\node\\src\\users.ts": {"path":"C:\\Users\\cadot\\tests-from-scratch-cadot\\packages\\node\\src\\users.ts","statementMap":{"0":{"start":{"line":2,"column":0},"end":{"line":2,"column":33}},"1":{"start":{"line":3,"column":0},"end":{"line":3,"column":81}},"2":{"start":{"line":4,"column":15},"end":{"line":4,"column":23}},"3":{"start":{"line":10,"column":0},"end":{"line":12,"column":3}},"4":{"start":{"line":11,"column":1},"end":{"line":11,"column":34}},"5":{"start":{"line":18,"column":0},"end":{"line":25,"column":3}},"6":{"start":{"line":19,"column":18},"end":{"line":19,"column":26}},"7":{"start":{"line":20,"column":1},"end":{"line":22,"column":2}},"8":{"start":{"line":21,"column":2},"end":{"line":21,"column":54}},"9":{"start":{"line":23,"column":14},"end":{"line":23,"column":30}},"10":{"start":{"line":24,"column":1},"end":{"line":24,"column":28}},"11":{"start":{"line":28,"column":0},"end":{"line":33,"column":6}},"12":{"start":{"line":29,"column":15},"end":{"line":29,"column":36}},"13":{"start":{"line":30,"column":17},"end":{"line":30,"column":32}},"14":{"start":{"line":31,"column":4},"end":{"line":31,"column":66}},"15":{"start":{"line":31,"column":16},"end":{"line":31,"column":66}},"16":{"start":{"line":32,"column":4},"end":{"line":32,"column":19}},"17":{"start":{"line":35,"column":3},"end":{"line":42,"column":6}},"18":{"start":{"line":36,"column":15},"end":{"line":36,"column":36}},"19":{"start":{"line":37,"column":21},"end":{"line":37,"column":29}},"20":{"start":{"line":38,"column":4},"end":{"line":38,"column":68}},"21":{"start":{"line":38,"column":16},"end":{"line":38,"column":68}},"22":{"start":{"line":39,"column":20},"end":{"line":39,"column":44}},"23":{"start":{"line":40,"column":4},"end":{"line":40,"column":69}},"24":{"start":{"line":40,"column":19},"end":{"line":40,"column":69}},"25":{"start":{"line":41,"column":4},"end":{"line":41,"column":22}},"26":{"start":{"line":44,"column":0},"end":{"line":44,"column":22}}},"fnMap":{"0":{"name":"(anonymous_0)","decl":{"start":{"line":10,"column":16},"end":{"line":10,"column":17}},"loc":{"start":{"line":10,"column":30},"end":{"line":12,"column":1}}},"1":{"name":"(anonymous_1)","decl":{"start":{"line":18,"column":17},"end":{"line":18,"column":18}},"loc":{"start":{"line":18,"column":30},"end":{"line":25,"column":1}}},"2":{"name":"(anonymous_2)","decl":{"start":{"line":28,"column":19},"end":{"line":28,"column":20}},"loc":{"start":{"line":28,"column":32},"end":{"line":33,"column":4}}},"3":{"name":"(anonymous_3)","decl":{"start":{"line":35,"column":22},"end":{"line":35,"column":23}},"loc":{"start":{"line":35,"column":35},"end":{"line":42,"column":4}}}},"branchMap":{"0":{"loc":{"start":{"line":20,"column":1},"end":{"line":22,"column":2}},"type":"if","locations":[{"start":{"line":20,"column":1},"end":{"line":22,"column":2}}]},"1":{"loc":{"start":{"line":31,"column":4},"end":{"line":31,"column":66}},"type":"if","locations":[{"start":{"line":31,"column":4},"end":{"line":31,"column":66}}]},"2":{"loc":{"start":{"line":38,"column":4},"end":{"line":38,"column":68}},"type":"if","locations":[{"start":{"line":38,"column":4},"end":{"line":38,"column":68}}]},"3":{"loc":{"start":{"line":40,"column":4},"end":{"line":40,"column":69}},"type":"if","locations":[{"start":{"line":40,"column":4},"end":{"line":40,"column":69}}]}},"s":{"0":2,"1":2,"2":2,"3":2,"4":2,"5":2,"6":4,"7":4,"8":1,"9":4,"10":4,"11":2,"12":3,"13":3,"14":3,"15":3,"16":3,"17":2,"18":3,"19":3,"20":3,"21":1,"22":3,"23":3,"24":3,"25":2,"26":2},"f":{"0":2,"1":4,"2":3,"3":3},"b":{"0":[1],"1":[3],"2":[1],"3":[3]}}
,"C:\\Users\\cadot\\tests-from-scratch-cadot\\packages\\node\\src\\usersStore.ts": {"path":"C:\\Users\\cadot\\tests-from-scratch-cadot\\packages\\node\\src\\usersStore.ts","statementMap":{"0":{"start":{"line":11,"column":3},"end":{"line":11,"column":19}},"1":{"start":{"line":17,"column":3},"end":{"line":17,"column":19}},"2":{"start":{"line":26,"column":3},"end":{"line":26,"column":19}},"3":{"start":{"line":31,"column":3},"end":{"line":31,"column":19}},"4":{"start":{"line":35,"column":3},"end":{"line":35,"column":19}},"5":{"start":{"line":6,"column":23},"end":{"line":6,"column":25}},"6":{"start":{"line":7,"column":16},"end":{"line":7,"column":17}},"7":{"start":{"line":12,"column":4},"end":{"line":12,"column":17}},"8":{"start":{"line":18,"column":17},"end":{"line":18,"column":39}},"9":{"start":{"line":19,"column":4},"end":{"line":19,"column":21}},"10":{"start":{"line":20,"column":4},"end":{"line":20,"column":16}},"11":{"start":{"line":27,"column":4},"end":{"line":27,"column":15}},"12":{"start":{"line":28,"column":4},"end":{"line":28,"column":15}},"13":{"start":{"line":32,"column":4},"end":{"line":32,"column":40}},"14":{"start":{"line":32,"column":27},"end":{"line":32,"column":38}},"15":{"start":{"line":36,"column":17},"end":{"line":36,"column":32}},"16":{"start":{"line":37,"column":4},"end":{"line":39,"column":5}},"17":{"start":{"line":38,"column":8},"end":{"line":38,"column":25}},"18":{"start":{"line":40,"column":4},"end":{"line":40,"column":16}}},"fnMap":{"0":{"name":"getUsers","decl":{"start":{"line":11,"column":19},"end":{"line":11,"column":27}},"loc":{"start":{"line":11,"column":27},"end":{"line":13,"column":4}}},"1":{"name":"createUser","decl":{"start":{"line":17,"column":19},"end":{"line":17,"column":29}},"loc":{"start":{"line":17,"column":42},"end":{"line":21,"column":4}}},"2":{"name":"resetStore","decl":{"start":{"line":26,"column":19},"end":{"line":26,"column":29}},"loc":{"start":{"line":26,"column":29},"end":{"line":29,"column":4}}},"3":{"name":"getUserById","decl":{"start":{"line":31,"column":19},"end":{"line":31,"column":30}},"loc":{"start":{"line":31,"column":41},"end":{"line":33,"column":4}}},"4":{"name":"(anonymous_4)","decl":{"start":{"line":32,"column":22},"end":{"line":32,"column":23}},"loc":{"start":{"line":32,"column":27},"end":{"line":32,"column":38}}},"5":{"name":"updateUserName","decl":{"start":{"line":35,"column":19},"end":{"line":35,"column":33}},"loc":{"start":{"line":35,"column":58},"end":{"line":41,"column":4}}}},"branchMap":{"0":{"loc":{"start":{"line":37,"column":4},"end":{"line":39,"column":5}},"type":"if","locations":[{"start":{"line":37,"column":4},"end":{"line":39,"column":5}}]}},"s":{"0":2,"1":2,"2":2,"3":2,"4":2,"5":2,"6":2,"7":2,"8":4,"9":4,"10":4,"11":10,"12":10,"13":6,"14":1,"15":3,"16":3,"17":0,"18":3},"f":{"0":2,"1":4,"2":10,"3":6,"4":1,"5":3},"b":{"0":[0]}}
}
