TN:
SF:__tests__\fixtures.ts
FNF:0
FNH:0
DA:4,1
DA:5,1
DA:7,1
LF:3
LH:3
BRF:0
BRH:0
end_of_record
TN:
SF:src\externalApi.ts
FN:3,fetchUserData
FNF:1
FNH:0
FNDA:0,fetchUserData
DA:3,1
DA:6,0
LF:2
LH:1
BRF:0
BRH:0
end_of_record
TN:
SF:src\server.ts
FN:10,(anonymous_1)
FNF:1
FNH:0
FNDA:0,(anonymous_1)
DA:2,2
DA:3,2
DA:4,2
DA:5,2
DA:6,2
DA:8,2
DA:9,0
DA:10,0
DA:11,0
LF:9
LH:6
BRDA:8,0,0,0
BRF:1
BRH:0
end_of_record
TN:
SF:src\users.ts
FN:10,(anonymous_0)
FN:18,(anonymous_1)
FN:28,(anonymous_2)
FN:35,(anonymous_3)
FNF:4
FNH:4
FNDA:2,(anonymous_0)
FNDA:4,(anonymous_1)
FNDA:3,(anonymous_2)
FNDA:3,(anonymous_3)
DA:2,2
DA:3,2
DA:4,2
DA:10,2
DA:11,2
DA:18,2
DA:19,4
DA:20,4
DA:21,1
DA:23,4
DA:24,4
DA:28,2
DA:29,3
DA:30,3
DA:31,3
DA:32,3
DA:35,2
DA:36,3
DA:37,3
DA:38,3
DA:39,3
DA:40,3
DA:41,2
DA:44,2
LF:24
LH:24
BRDA:20,0,0,1
BRDA:31,1,0,3
BRDA:38,2,0,1
BRDA:40,3,0,3
BRF:4
BRH:4
end_of_record
TN:
SF:src\usersStore.ts
FN:11,getUsers
FN:17,createUser
FN:26,resetStore
FN:31,getUserById
FN:32,(anonymous_4)
FN:35,updateUserName
FNF:6
FNH:6
FNDA:2,getUsers
FNDA:4,createUser
FNDA:10,resetStore
FNDA:6,getUserById
FNDA:1,(anonymous_4)
FNDA:3,updateUserName
DA:6,2
DA:7,2
DA:11,2
DA:12,2
DA:17,2
DA:18,4
DA:19,4
DA:20,4
DA:26,2
DA:27,10
DA:28,10
DA:31,2
DA:32,6
DA:35,2
DA:36,3
DA:37,3
DA:38,0
DA:40,3
LF:18
LH:17
BRDA:37,0,0,0
BRF:1
BRH:0
end_of_record
